Build started 18/04/2018 9:06:11 CH.
     1>Project "C:\Users\vantu\Desktop\Album deutsches Lied\1712860\1712860\1712860.vcxproj" on node 2 (Build target(s)).
     1>ClCompile:
         C:\Program Files (x86)\Microsoft Visual Studio 12.0\VC\bin\CL.exe /c /ZI /nologo /W3 /WX- /Od /Oy- /D WIN32 /D _DEBUG /D _CONSOLE /D _LIB /D _UNICODE /D UNICODE /Gm /EHsc /RTC1 /MDd /GS /fp:precise /Zc:wchar_t /Zc:forScope /Fo"Debug\\" /Fd"Debug\vc120.pdb" /Gd /TP /analyze- /errorReport:prompt Source.cpp
         Source.cpp
     1>c:\users\vantu\desktop\album deutsches lied\1712860\1712860\xuli.h(11): warning C4996: '_wfopen': This function or variable may be unsafe. Consider using _wfopen_s instead. To disable deprecation, use _CRT_SECURE_NO_WARNINGS. See online help for details.
                 c:\program files (x86)\microsoft visual studio 12.0\vc\include\stdio.h(590) : see declaration of '_wfopen'
     1>c:\users\vantu\desktop\album deutsches lied\1712860\1712860\xuli.h(21): warning C4244: 'initializing' : conversion from 'wint_t' to 'char', possible loss of data
     1>c:\users\vantu\desktop\album deutsches lied\1712860\1712860\xuli.h(82): warning C4996: 'wcscat': This function or variable may be unsafe. Consider using wcscat_s instead. To disable deprecation, use _CRT_SECURE_NO_WARNINGS. See online help for details.
                 c:\program files (x86)\microsoft visual studio 12.0\vc\include\string.h(284) : see declaration of 'wcscat'
     1>c:\users\vantu\desktop\album deutsches lied\1712860\1712860\xuli.h(83): warning C4996: 'wcscat': This function or variable may be unsafe. Consider using wcscat_s instead. To disable deprecation, use _CRT_SECURE_NO_WARNINGS. See online help for details.
                 c:\program files (x86)\microsoft visual studio 12.0\vc\include\string.h(284) : see declaration of 'wcscat'
     1>c:\users\vantu\desktop\album deutsches lied\1712860\1712860\xuli.h(101): warning C4996: 'wscanf': This function or variable may be unsafe. Consider using wscanf_s instead. To disable deprecation, use _CRT_SECURE_NO_WARNINGS. See online help for details.
                 c:\program files (x86)\microsoft visual studio 12.0\vc\include\stdio.h(581) : see declaration of 'wscanf'
     1>c:\users\vantu\desktop\album deutsches lied\1712860\1712860\xuli.h(106): warning C4996: 'wscanf': This function or variable may be unsafe. Consider using wscanf_s instead. To disable deprecation, use _CRT_SECURE_NO_WARNINGS. See online help for details.
                 c:\program files (x86)\microsoft visual studio 12.0\vc\include\stdio.h(581) : see declaration of 'wscanf'
     1>c:\users\vantu\desktop\album deutsches lied\1712860\1712860\xuli.h(117): warning C4996: '_wfopen': This function or variable may be unsafe. Consider using _wfopen_s instead. To disable deprecation, use _CRT_SECURE_NO_WARNINGS. See online help for details.
                 c:\program files (x86)\microsoft visual studio 12.0\vc\include\stdio.h(590) : see declaration of '_wfopen'
     1>c:\users\vantu\desktop\album deutsches lied\1712860\1712860\template.h(9): warning C4996: '_wfopen': This function or variable may be unsafe. Consider using _wfopen_s instead. To disable deprecation, use _CRT_SECURE_NO_WARNINGS. See online help for details.
                 c:\program files (x86)\microsoft visual studio 12.0\vc\include\stdio.h(590) : see declaration of '_wfopen'
     1>c:\users\vantu\desktop\album deutsches lied\1712860\1712860\template.h(19): warning C4996: 'wcscat': This function or variable may be unsafe. Consider using wcscat_s instead. To disable deprecation, use _CRT_SECURE_NO_WARNINGS. See online help for details.
                 c:\program files (x86)\microsoft visual studio 12.0\vc\include\string.h(284) : see declaration of 'wcscat'
       Link:
         C:\Program Files (x86)\Microsoft Visual Studio 12.0\VC\bin\link.exe /ERRORREPORT:PROMPT /OUT:"C:\Users\vantu\Desktop\Album deutsches Lied\1712860\Debug\1712860.exe" /INCREMENTAL /NOLOGO kernel32.lib user32.lib gdi32.lib winspool.lib comdlg32.lib advapi32.lib shell32.lib ole32.lib oleaut32.lib uuid.lib odbc32.lib odbccp32.lib /MANIFEST /MANIFESTUAC:"level='asInvoker' uiAccess='false'" /manifest:embed /DEBUG /PDB:"C:\Users\vantu\Desktop\Album deutsches Lied\1712860\Debug\1712860.pdb" /SUBSYSTEM:CONSOLE /TLBID:1 /DYNAMICBASE /NXCOMPAT /IMPLIB:"C:\Users\vantu\Desktop\Album deutsches Lied\1712860\Debug\1712860.lib" /MACHINE:X86 Debug\Source.obj
         1712860.vcxproj -> C:\Users\vantu\Desktop\Album deutsches Lied\1712860\Debug\1712860.exe
     1>Done Building Project "C:\Users\vantu\Desktop\Album deutsches Lied\1712860\1712860\1712860.vcxproj" (Build target(s)).

Build succeeded.

Time Elapsed 00:00:00.93
